<?xml version="1.0" encoding="UTF-8"?>
<!-- Generated by org.testng.reporters.JUnitReportReporter -->
<testsuite hostname="DESKTOP-61QF0TL" failures="0" tests="1" name="testscripts.ClassCatalogue_MapCompareBranch" time="21.947" errors="0" timestamp="2024-09-26T16:26:13 IST" skipped="0">
  <testcase classname="testscripts.ClassCatalogue_MapCompareBranch" name="enterCrendentials" time="21.947"/>
</testsuite> <!-- testscripts.ClassCatalogue_MapCompareBranch -->
