<?xml version="1.0" encoding="UTF-8"?>
<!-- Generated by org.testng.reporters.JUnitReportReporter -->
<testsuite hostname="DESKTOP-61QF0TL" failures="0" tests="1" name="testscripts.ClassCatalogue_CompareBranch" time="28.935" errors="0" timestamp="2024-09-26T13:46:32 IST" skipped="0">
  <testcase classname="testscripts.ClassCatalogue_CompareBranch" name="enterCrendentials" time="28.935"/>
</testsuite> <!-- testscripts.ClassCatalogue_CompareBranch -->
