<?xml version="1.0" encoding="UTF-8"?>
<!-- Generated by org.testng.reporters.JUnitReportReporter -->
<testsuite hostname="DESKTOP-61QF0TL" failures="0" tests="1" name="testscripts.LoginPage_TC" time="17.593" errors="0" timestamp="2024-09-24T15:36:31 IST" skipped="0">
  <testcase classname="testscripts.LoginPage_TC" name="enterCrendentials" time="17.593"/>
</testsuite> <!-- testscripts.LoginPage_TC -->
