<?xml version="1.0" encoding="UTF-8"?>
<!-- Generated by org.testng.reporters.JUnitReportReporter -->
<testsuite hostname="DESKTOP-61QF0TL" failures="0" tests="1" name="testscripts.SchoolManagement_CompareBranch" time="15.231" errors="0" timestamp="2024-09-25T12:08:01 IST" skipped="0">
  <testcase classname="testscripts.SchoolManagement_CompareBranch" name="enterCrendentials" time="15.231"/>
</testsuite> <!-- testscripts.SchoolManagement_CompareBranch -->
