<?xml version="1.0" encoding="UTF-8"?>
<!-- Generated by org.testng.reporters.JUnitReportReporter -->
<testsuite hostname="DESKTOP-61QF0TL" failures="0" tests="1" name="testscripts.SchoolManagement_TC" time="16.678" errors="0" timestamp="2024-09-24T17:35:07 IST" skipped="0">
  <testcase classname="testscripts.SchoolManagement_TC" name="enterCrendentials" time="16.678"/>
</testsuite> <!-- testscripts.SchoolManagement_TC -->
